{"contracts/QuantArtsNFT.sol":{"l":{"61":51,"62":51,"63":51,"64":51,"65":51,"66":51,"67":51,"68":51,"69":51,"73":1,"77":52,"81":1,"85":1,"89":51,"93":52,"97":52,"101":52,"105":1,"109":56,"110":54,"114":98,"118":100,"119":98,"123":100,"124":98,"128":4,"129":2,"130":2,"131":2,"132":2,"136":4,"137":3,"138":3,"142":162,"143":162,"144":162,"145":148,"146":148,"147":148,"148":148,"149":148,"150":148,"151":148,"152":148,"153":148,"154":439,"155":439,"157":148,"161":48,"162":48,"163":48,"164":42,"165":40,"166":38,"167":38,"168":38,"169":38,"170":38,"171":38,"172":38,"173":38,"174":38,"175":38,"176":38,"177":109,"178":109,"180":38,"185":198,"186":198,"187":198,"188":198,"189":198,"190":198,"191":198,"192":198,"193":198,"194":168,"195":168,"196":168,"197":168,"198":168,"199":168,"200":168,"201":168,"202":168,"203":168,"204":168,"205":168,"206":549,"207":549,"209":168,"213":8,"214":6,"215":14,"216":12,"217":10,"218":10,"219":10,"225":7,"226":5,"227":3,"228":3,"229":1,"230":1,"231":1,"235":408,"236":319,"238":402,"239":398,"240":194,"241":192,"242":190,"243":188,"244":186,"245":184,"246":182,"247":182,"248":182,"249":182,"250":178,"251":66,"253":112,"256":204,"257":202,"258":198,"260":364,"261":358,"265":3},"path":"/Users/alvaro/Documents/portfolio/nft.contract.whitelistable.refundable/contracts/QuantArtsNFT.sol","s":{"1":51,"2":51,"3":51,"4":51,"5":51,"6":51,"7":51,"8":51,"9":51,"10":1,"11":52,"12":1,"13":1,"14":51,"15":52,"16":52,"17":52,"18":1,"19":56,"20":54,"21":98,"22":100,"23":98,"24":100,"25":98,"26":4,"27":2,"28":2,"29":2,"30":2,"31":4,"32":3,"33":3,"34":162,"35":162,"36":162,"37":148,"38":148,"39":148,"40":148,"41":148,"42":148,"43":148,"44":148,"45":148,"46":439,"47":148,"48":48,"49":48,"50":48,"51":42,"52":40,"53":38,"54":38,"55":38,"56":38,"57":38,"58":38,"59":38,"60":38,"61":38,"62":38,"63":38,"64":109,"65":38,"66":198,"67":198,"68":198,"69":198,"70":198,"71":198,"72":198,"73":198,"74":198,"75":168,"76":168,"77":168,"78":168,"79":168,"80":168,"81":168,"82":168,"83":168,"84":168,"85":168,"86":168,"87":549,"88":168,"89":8,"90":6,"91":14,"92":12,"93":10,"94":10,"95":7,"96":5,"97":3,"98":3,"99":1,"100":1,"101":1,"102":408,"103":319,"104":402,"105":398,"106":194,"107":192,"108":190,"109":188,"110":186,"111":184,"112":182,"113":182,"114":182,"115":182,"116":178,"117":66,"118":112,"119":204,"120":202,"121":198,"122":364,"123":358,"124":3},"b":{"1":[54,2],"2":[98,2],"3":[98,2],"4":[2,2],"5":[3,1],"6":[40,2],"7":[38,2],"8":[6,2],"9":[12,2],"10":[10,2],"11":[5,2],"12":[3,2],"13":[1,2],"14":[319,89],"15":[313,6],"16":[398,4],"17":[194,204],"18":[192,2],"19":[190,2],"20":[188,2],"21":[186,2],"22":[184,2],"23":[182,2],"24":[178,4],"25":[66,112],"26":[62,4],"27":[108,4],"28":[202,2],"29":[198,4],"30":[194,4],"31":[358,6]},"f":{"1":51,"2":1,"3":52,"4":1,"5":1,"6":51,"7":52,"8":52,"9":52,"10":1,"11":56,"12":98,"13":100,"14":100,"15":4,"16":4,"17":162,"18":48,"19":198,"20":8,"21":7,"22":408,"23":3},"fnMap":{"1":{"name":"constructor","line":60,"loc":{"start":{"line":59,"column":4},"end":{"line":70,"column":4}}},"2":{"name":"setPublicMintCost","line":72,"loc":{"start":{"line":72,"column":4},"end":{"line":74,"column":4}}},"3":{"name":"addAuthHash","line":76,"loc":{"start":{"line":76,"column":4},"end":{"line":78,"column":4}}},"4":{"name":"setGuaranteedAirdropSupply","line":80,"loc":{"start":{"line":80,"column":4},"end":{"line":82,"column":4}}},"5":{"name":"setGuaranteedWLSupply","line":84,"loc":{"start":{"line":84,"column":4},"end":{"line":86,"column":4}}},"6":{"name":"setSigner","line":88,"loc":{"start":{"line":88,"column":4},"end":{"line":90,"column":4}}},"7":{"name":"setPaymentToken","line":92,"loc":{"start":{"line":92,"column":4},"end":{"line":94,"column":4}}},"8":{"name":"setMarketingAccount","line":96,"loc":{"start":{"line":96,"column":4},"end":{"line":98,"column":4}}},"9":{"name":"setBaseURI","line":100,"loc":{"start":{"line":100,"column":4},"end":{"line":102,"column":4}}},"10":{"name":"setBaseExtension","line":104,"loc":{"start":{"line":104,"column":4},"end":{"line":106,"column":4}}},"11":{"name":"setGuaranteedWLTimestamp","line":108,"loc":{"start":{"line":108,"column":4},"end":{"line":111,"column":4}}},"12":{"name":"setWhitelistStartTimestamp","line":113,"loc":{"start":{"line":113,"column":4},"end":{"line":115,"column":4}}},"13":{"name":"setPublicStartTimestamp","line":117,"loc":{"start":{"line":117,"column":4},"end":{"line":120,"column":4}}},"14":{"name":"setMintFinishTimestamp","line":122,"loc":{"start":{"line":122,"column":4},"end":{"line":125,"column":4}}},"15":{"name":"redeemOwnerBalance","line":127,"loc":{"start":{"line":127,"column":4},"end":{"line":133,"column":4}}},"16":{"name":"tokenURI","line":135,"loc":{"start":{"line":135,"column":4},"end":{"line":139,"column":4}}},"17":{"name":"mint","line":141,"loc":{"start":{"line":141,"column":4},"end":{"line":158,"column":4}}},"18":{"name":"mintReferred","line":160,"loc":{"start":{"line":160,"column":4},"end":{"line":181,"column":4}}},"19":{"name":"whitelistMint","line":183,"loc":{"start":{"line":183,"column":4},"end":{"line":210,"column":4}}},"20":{"name":"airdrop","line":212,"loc":{"start":{"line":212,"column":4},"end":{"line":222,"column":4}}},"21":{"name":"refundMint","line":224,"loc":{"start":{"line":224,"column":3},"end":{"line":232,"column":4}}},"22":{"name":"checkCorrectMint","line":234,"loc":{"start":{"line":234,"column":4},"end":{"line":262,"column":4}}},"23":{"name":"_baseURI","line":264,"loc":{"start":{"line":264,"column":4},"end":{"line":266,"column":4}}}},"statementMap":{"1":{"start":{"line":61,"column":8},"end":{"line":61,"column":31}},"2":{"start":{"line":62,"column":8},"end":{"line":62,"column":63}},"3":{"start":{"line":63,"column":8},"end":{"line":63,"column":57}},"4":{"start":{"line":64,"column":8},"end":{"line":64,"column":55}},"5":{"start":{"line":65,"column":8},"end":{"line":65,"column":59}},"6":{"start":{"line":66,"column":8},"end":{"line":66,"column":37}},"7":{"start":{"line":67,"column":8},"end":{"line":67,"column":45}},"8":{"start":{"line":68,"column":8},"end":{"line":68,"column":25}},"9":{"start":{"line":69,"column":8},"end":{"line":69,"column":95}},"10":{"start":{"line":73,"column":8},"end":{"line":73,"column":42}},"11":{"start":{"line":77,"column":8},"end":{"line":77,"column":36}},"12":{"start":{"line":81,"column":8},"end":{"line":81,"column":60}},"13":{"start":{"line":85,"column":8},"end":{"line":85,"column":50}},"14":{"start":{"line":89,"column":8},"end":{"line":89,"column":26}},"15":{"start":{"line":93,"column":8},"end":{"line":93,"column":38}},"16":{"start":{"line":97,"column":8},"end":{"line":97,"column":46}},"17":{"start":{"line":101,"column":8},"end":{"line":101,"column":28}},"18":{"start":{"line":105,"column":8},"end":{"line":105,"column":40}},"19":{"start":{"line":109,"column":8},"end":{"line":109,"column":167}},"20":{"start":{"line":110,"column":8},"end":{"line":110,"column":56}},"21":{"start":{"line":114,"column":8},"end":{"line":114,"column":60}},"22":{"start":{"line":118,"column":8},"end":{"line":118,"column":131}},"23":{"start":{"line":119,"column":8},"end":{"line":119,"column":54}},"24":{"start":{"line":123,"column":8},"end":{"line":123,"column":129}},"25":{"start":{"line":124,"column":8},"end":{"line":124,"column":52}},"26":{"start":{"line":128,"column":8},"end":{"line":128,"column":105}},"27":{"start":{"line":129,"column":8},"end":{"line":129,"column":37}},"28":{"start":{"line":130,"column":8},"end":{"line":130,"column":23}},"29":{"start":{"line":131,"column":8},"end":{"line":131,"column":61}},"30":{"start":{"line":132,"column":8},"end":{"line":132,"column":38}},"31":{"start":{"line":136,"column":8},"end":{"line":136,"column":84}},"32":{"start":{"line":137,"column":8},"end":{"line":137,"column":49}},"33":{"start":{"line":138,"column":8},"end":{"line":138,"column":131}},"34":{"start":{"line":142,"column":8},"end":{"line":142,"column":33}},"35":{"start":{"line":143,"column":8},"end":{"line":143,"column":36}},"36":{"start":{"line":144,"column":8},"end":{"line":144,"column":29}},"37":{"start":{"line":145,"column":8},"end":{"line":145,"column":55}},"38":{"start":{"line":146,"column":8},"end":{"line":146,"column":34}},"39":{"start":{"line":147,"column":8},"end":{"line":147,"column":59}},"40":{"start":{"line":148,"column":8},"end":{"line":148,"column":106}},"41":{"start":{"line":149,"column":8},"end":{"line":149,"column":64}},"42":{"start":{"line":150,"column":8},"end":{"line":150,"column":47}},"43":{"start":{"line":151,"column":8},"end":{"line":151,"column":104}},"44":{"start":{"line":152,"column":8},"end":{"line":152,"column":118}},"45":{"start":{"line":153,"column":8},"end":{"line":153,"column":6675}},"46":{"start":{"line":155,"column":12},"end":{"line":155,"column":51}},"47":{"start":{"line":157,"column":8},"end":{"line":157,"column":72}},"48":{"start":{"line":161,"column":9},"end":{"line":161,"column":34}},"49":{"start":{"line":162,"column":8},"end":{"line":162,"column":36}},"50":{"start":{"line":163,"column":8},"end":{"line":163,"column":29}},"51":{"start":{"line":164,"column":8},"end":{"line":164,"column":97}},"52":{"start":{"line":165,"column":8},"end":{"line":165,"column":88}},"53":{"start":{"line":166,"column":8},"end":{"line":166,"column":55}},"54":{"start":{"line":167,"column":8},"end":{"line":167,"column":34}},"55":{"start":{"line":168,"column":8},"end":{"line":168,"column":59}},"56":{"start":{"line":169,"column":8},"end":{"line":169,"column":127}},"57":{"start":{"line":170,"column":8},"end":{"line":170,"column":64}},"58":{"start":{"line":171,"column":8},"end":{"line":171,"column":88}},"59":{"start":{"line":172,"column":8},"end":{"line":172,"column":47}},"60":{"start":{"line":173,"column":8},"end":{"line":173,"column":104}},"61":{"start":{"line":174,"column":8},"end":{"line":174,"column":83}},"62":{"start":{"line":175,"column":8},"end":{"line":175,"column":143}},"63":{"start":{"line":176,"column":8},"end":{"line":176,"column":8107}},"64":{"start":{"line":178,"column":12},"end":{"line":178,"column":51}},"65":{"start":{"line":180,"column":8},"end":{"line":180,"column":71}},"66":{"start":{"line":185,"column":8},"end":{"line":185,"column":33}},"67":{"start":{"line":186,"column":8},"end":{"line":186,"column":36}},"68":{"start":{"line":187,"column":8},"end":{"line":187,"column":32}},"69":{"start":{"line":188,"column":8},"end":{"line":188,"column":34}},"70":{"start":{"line":189,"column":8},"end":{"line":189,"column":34}},"71":{"start":{"line":190,"column":8},"end":{"line":190,"column":40}},"72":{"start":{"line":191,"column":8},"end":{"line":191,"column":34}},"73":{"start":{"line":192,"column":8},"end":{"line":192,"column":30}},"74":{"start":{"line":193,"column":8},"end":{"line":193,"column":29}},"75":{"start":{"line":194,"column":8},"end":{"line":194,"column":60}},"76":{"start":{"line":195,"column":8},"end":{"line":195,"column":55}},"77":{"start":{"line":196,"column":8},"end":{"line":196,"column":34}},"78":{"start":{"line":197,"column":8},"end":{"line":197,"column":55}},"79":{"start":{"line":198,"column":8},"end":{"line":198,"column":127}},"80":{"start":{"line":199,"column":8},"end":{"line":199,"column":64}},"81":{"start":{"line":200,"column":8},"end":{"line":200,"column":88}},"82":{"start":{"line":201,"column":8},"end":{"line":201,"column":47}},"83":{"start":{"line":202,"column":8},"end":{"line":202,"column":104}},"84":{"start":{"line":203,"column":8},"end":{"line":203,"column":83}},"85":{"start":{"line":204,"column":8},"end":{"line":204,"column":143}},"86":{"start":{"line":205,"column":8},"end":{"line":205,"column":9744}},"87":{"start":{"line":207,"column":12},"end":{"line":207,"column":51}},"88":{"start":{"line":209,"column":8},"end":{"line":209,"column":67}},"89":{"start":{"line":213,"column":8},"end":{"line":213,"column":96}},"90":{"start":{"line":214,"column":8},"end":{"line":214,"column":10163}},"91":{"start":{"line":215,"column":12},"end":{"line":215,"column":74}},"92":{"start":{"line":216,"column":12},"end":{"line":216,"column":113}},"93":{"start":{"line":217,"column":12},"end":{"line":217,"column":10422}},"94":{"start":{"line":219,"column":16},"end":{"line":219,"column":56}},"95":{"start":{"line":225,"column":8},"end":{"line":225,"column":106}},"96":{"start":{"line":226,"column":8},"end":{"line":226,"column":93}},"97":{"start":{"line":227,"column":8},"end":{"line":227,"column":60}},"98":{"start":{"line":228,"column":8},"end":{"line":228,"column":80}},"99":{"start":{"line":229,"column":8},"end":{"line":229,"column":40}},"100":{"start":{"line":230,"column":8},"end":{"line":230,"column":76}},"101":{"start":{"line":231,"column":8},"end":{"line":231,"column":49}},"102":{"start":{"line":235,"column":8},"end":{"line":235,"column":11244}},"103":{"start":{"line":236,"column":12},"end":{"line":236,"column":92}},"104":{"start":{"line":238,"column":8},"end":{"line":238,"column":109}},"105":{"start":{"line":239,"column":8},"end":{"line":239,"column":11513}},"106":{"start":{"line":240,"column":12},"end":{"line":240,"column":76}},"107":{"start":{"line":241,"column":12},"end":{"line":241,"column":102}},"108":{"start":{"line":242,"column":12},"end":{"line":242,"column":116}},"109":{"start":{"line":243,"column":12},"end":{"line":243,"column":113}},"110":{"start":{"line":244,"column":12},"end":{"line":244,"column":106}},"111":{"start":{"line":245,"column":12},"end":{"line":245,"column":97}},"112":{"start":{"line":246,"column":12},"end":{"line":246,"column":145}},"113":{"start":{"line":247,"column":12},"end":{"line":247,"column":66}},"114":{"start":{"line":248,"column":12},"end":{"line":248,"column":68}},"115":{"start":{"line":249,"column":12},"end":{"line":249,"column":80}},"116":{"start":{"line":250,"column":12},"end":{"line":250,"column":12571}},"117":{"start":{"line":251,"column":16},"end":{"line":251,"column":170}},"118":{"start":{"line":253,"column":16},"end":{"line":253,"column":149}},"119":{"start":{"line":256,"column":12},"end":{"line":256,"column":73}},"120":{"start":{"line":257,"column":12},"end":{"line":257,"column":145}},"121":{"start":{"line":258,"column":12},"end":{"line":258,"column":157}},"122":{"start":{"line":260,"column":8},"end":{"line":260,"column":73}},"123":{"start":{"line":261,"column":8},"end":{"line":261,"column":19}},"124":{"start":{"line":265,"column":8},"end":{"line":265,"column":22}}},"branchMap":{"1":{"line":109,"type":"if","locations":[{"start":{"line":109,"column":8},"end":{"line":109,"column":8}},{"start":{"line":109,"column":8},"end":{"line":109,"column":8}}]},"2":{"line":118,"type":"if","locations":[{"start":{"line":118,"column":8},"end":{"line":118,"column":8}},{"start":{"line":118,"column":8},"end":{"line":118,"column":8}}]},"3":{"line":123,"type":"if","locations":[{"start":{"line":123,"column":8},"end":{"line":123,"column":8}},{"start":{"line":123,"column":8},"end":{"line":123,"column":8}}]},"4":{"line":128,"type":"if","locations":[{"start":{"line":128,"column":8},"end":{"line":128,"column":8}},{"start":{"line":128,"column":8},"end":{"line":128,"column":8}}]},"5":{"line":136,"type":"if","locations":[{"start":{"line":136,"column":8},"end":{"line":136,"column":8}},{"start":{"line":136,"column":8},"end":{"line":136,"column":8}}]},"6":{"line":164,"type":"if","locations":[{"start":{"line":164,"column":8},"end":{"line":164,"column":8}},{"start":{"line":164,"column":8},"end":{"line":164,"column":8}}]},"7":{"line":165,"type":"if","locations":[{"start":{"line":165,"column":8},"end":{"line":165,"column":8}},{"start":{"line":165,"column":8},"end":{"line":165,"column":8}}]},"8":{"line":213,"type":"if","locations":[{"start":{"line":213,"column":8},"end":{"line":213,"column":8}},{"start":{"line":213,"column":8},"end":{"line":213,"column":8}}]},"9":{"line":215,"type":"if","locations":[{"start":{"line":215,"column":12},"end":{"line":215,"column":12}},{"start":{"line":215,"column":12},"end":{"line":215,"column":12}}]},"10":{"line":216,"type":"if","locations":[{"start":{"line":216,"column":12},"end":{"line":216,"column":12}},{"start":{"line":216,"column":12},"end":{"line":216,"column":12}}]},"11":{"line":225,"type":"if","locations":[{"start":{"line":225,"column":8},"end":{"line":225,"column":8}},{"start":{"line":225,"column":8},"end":{"line":225,"column":8}}]},"12":{"line":226,"type":"if","locations":[{"start":{"line":226,"column":8},"end":{"line":226,"column":8}},{"start":{"line":226,"column":8},"end":{"line":226,"column":8}}]},"13":{"line":228,"type":"if","locations":[{"start":{"line":228,"column":8},"end":{"line":228,"column":8}},{"start":{"line":228,"column":8},"end":{"line":228,"column":8}}]},"14":{"line":235,"type":"if","locations":[{"start":{"line":235,"column":8},"end":{"line":235,"column":8}},{"start":{"line":235,"column":8},"end":{"line":235,"column":8}}]},"15":{"line":236,"type":"if","locations":[{"start":{"line":236,"column":12},"end":{"line":236,"column":12}},{"start":{"line":236,"column":12},"end":{"line":236,"column":12}}]},"16":{"line":238,"type":"if","locations":[{"start":{"line":238,"column":8},"end":{"line":238,"column":8}},{"start":{"line":238,"column":8},"end":{"line":238,"column":8}}]},"17":{"line":239,"type":"if","locations":[{"start":{"line":239,"column":8},"end":{"line":239,"column":8}},{"start":{"line":239,"column":8},"end":{"line":239,"column":8}}]},"18":{"line":240,"type":"if","locations":[{"start":{"line":240,"column":12},"end":{"line":240,"column":12}},{"start":{"line":240,"column":12},"end":{"line":240,"column":12}}]},"19":{"line":241,"type":"if","locations":[{"start":{"line":241,"column":12},"end":{"line":241,"column":12}},{"start":{"line":241,"column":12},"end":{"line":241,"column":12}}]},"20":{"line":242,"type":"if","locations":[{"start":{"line":242,"column":12},"end":{"line":242,"column":12}},{"start":{"line":242,"column":12},"end":{"line":242,"column":12}}]},"21":{"line":243,"type":"if","locations":[{"start":{"line":243,"column":12},"end":{"line":243,"column":12}},{"start":{"line":243,"column":12},"end":{"line":243,"column":12}}]},"22":{"line":244,"type":"if","locations":[{"start":{"line":244,"column":12},"end":{"line":244,"column":12}},{"start":{"line":244,"column":12},"end":{"line":244,"column":12}}]},"23":{"line":245,"type":"if","locations":[{"start":{"line":245,"column":12},"end":{"line":245,"column":12}},{"start":{"line":245,"column":12},"end":{"line":245,"column":12}}]},"24":{"line":249,"type":"if","locations":[{"start":{"line":249,"column":12},"end":{"line":249,"column":12}},{"start":{"line":249,"column":12},"end":{"line":249,"column":12}}]},"25":{"line":250,"type":"if","locations":[{"start":{"line":250,"column":12},"end":{"line":250,"column":12}},{"start":{"line":250,"column":12},"end":{"line":250,"column":12}}]},"26":{"line":251,"type":"if","locations":[{"start":{"line":251,"column":16},"end":{"line":251,"column":16}},{"start":{"line":251,"column":16},"end":{"line":251,"column":16}}]},"27":{"line":253,"type":"if","locations":[{"start":{"line":253,"column":16},"end":{"line":253,"column":16}},{"start":{"line":253,"column":16},"end":{"line":253,"column":16}}]},"28":{"line":256,"type":"if","locations":[{"start":{"line":256,"column":12},"end":{"line":256,"column":12}},{"start":{"line":256,"column":12},"end":{"line":256,"column":12}}]},"29":{"line":257,"type":"if","locations":[{"start":{"line":257,"column":12},"end":{"line":257,"column":12}},{"start":{"line":257,"column":12},"end":{"line":257,"column":12}}]},"30":{"line":258,"type":"if","locations":[{"start":{"line":258,"column":12},"end":{"line":258,"column":12}},{"start":{"line":258,"column":12},"end":{"line":258,"column":12}}]},"31":{"line":260,"type":"if","locations":[{"start":{"line":260,"column":8},"end":{"line":260,"column":8}},{"start":{"line":260,"column":8},"end":{"line":260,"column":8}}]}}}}